<?xml version="1.0" encoding="UTF-8"?>
<!-- Generated by org.testng.reporters.JUnitReportReporter -->
<testsuite skipped="0" hostname="LAPTOP-4FHIGJS1" name="Logic.SortingTest" tests="1" failures="0" timestamp="20 Aug 2020 11:36:00 GMT" time="0.004" errors="0">
  <testcase name="sortList" time="0.004" classname="Logic.SortingTest"/>
</testsuite> <!-- Logic.SortingTest -->
