<?xml version="1.0" encoding="UTF-8"?>
<!-- Generated by org.testng.reporters.JUnitReportReporter -->
<testsuite skipped="0" hostname="LAPTOP-4FHIGJS1" name="Logic.Swap2Numbers" tests="1" failures="0" timestamp="02 Sep 2020 12:54:18 GMT" time="0.014" errors="0">
  <testcase name="swapnumbers" time="0.014" classname="Logic.Swap2Numbers"/>
</testsuite> <!-- Logic.Swap2Numbers -->
