<?xml version="1.0" encoding="UTF-8"?>
<!-- Generated by org.testng.reporters.JUnitReportReporter -->
<testsuite skipped="0" hostname="LAPTOP-4FHIGJS1" name="Logic.PrimeNumber" tests="1" failures="0" timestamp="20 Aug 2020 11:36:00 GMT" time="0.018" errors="0">
  <testcase name="primeNumberTest" time="0.018" classname="Logic.PrimeNumber"/>
</testsuite> <!-- Logic.PrimeNumber -->
