<?xml version="1.0" encoding="UTF-8"?>
<!-- Generated by org.testng.reporters.JUnitReportReporter -->
<testsuite skipped="0" hostname="LAPTOP-4FHIGJS1" name="Logic.DuplicateElements" tests="1" failures="0" timestamp="20 Aug 2020 11:36:00 GMT" time="0.003" errors="0">
  <testcase name="fileterDuplicateElements" time="0.003" classname="Logic.DuplicateElements"/>
</testsuite> <!-- Logic.DuplicateElements -->
