<?xml version="1.0" encoding="UTF-8"?>
<!-- Generated by org.testng.reporters.JUnitReportReporter -->
<testsuite skipped="0" hostname="LAPTOP-4FHIGJS1" name="Training1.DuplicateElements" tests="1" failures="0" timestamp="19 Aug 2020 11:09:47 GMT" time="0.009" errors="0">
  <testcase name="fileterDuplicateElements" time="0.009" classname="Training1.DuplicateElements"/>
</testsuite> <!-- Training1.DuplicateElements -->
