<?xml version="1.0" encoding="UTF-8"?>
<!-- Generated by org.testng.reporters.JUnitReportReporter -->
<testsuite skipped="0" hostname="LAPTOP-4FHIGJS1" name="Training1.ReverseNumber" tests="1" failures="0" timestamp="19 Aug 2020 11:17:28 GMT" time="0.015" errors="0">
  <testcase name="reversenumber" time="0.015" classname="Training1.ReverseNumber"/>
</testsuite> <!-- Training1.ReverseNumber -->
