<?xml version="1.0" encoding="UTF-8"?>
<!-- Generated by org.testng.reporters.JUnitReportReporter -->
<testsuite skipped="0" hostname="LAPTOP-4FHIGJS1" name="Training1.SortingTest" tests="1" failures="0" timestamp="18 Aug 2020 10:47:03 GMT" time="0.014" errors="0">
  <testcase name="sortList" time="0.014" classname="Training1.SortingTest"/>
</testsuite> <!-- Training1.SortingTest -->
