<?xml version="1.0" encoding="UTF-8"?>
<!-- Generated by org.testng.reporters.JUnitReportReporter -->
<testsuite skipped="0" hostname="LAPTOP-4FHIGJS1" name="Logic.MaxValues" tests="1" failures="0" timestamp="21 Aug 2020 10:24:13 GMT" time="0.012" errors="0">
  <testcase name="maxValues" time="0.012" classname="Logic.MaxValues"/>
</testsuite> <!-- Logic.MaxValues -->
