<?xml version="1.0" encoding="UTF-8"?>
<!-- Generated by org.testng.reporters.JUnitReportReporter -->
<testsuite skipped="0" hostname="LAPTOP-4FHIGJS1" name="Logic.ReverseNumberTest" tests="1" failures="0" timestamp="21 Aug 2020 10:05:07 GMT" time="0.008" errors="0">
  <testcase name="reversenumber" time="0.008" classname="Logic.ReverseNumberTest"/>
</testsuite> <!-- Logic.ReverseNumberTest -->
